<?xml version="1.0" encoding="UTF-8"?>
<!-- Generated by org.testng.reporters.JUnitReportReporter -->
<testsuite name="com.db.Runner.TestRunner" tests="1" time="51.601" ignored="0" failures="0" timestamp="24 May 2021 15:27:58 GMT" skipped="0" hostname="P3BLAP-G01FU04" errors="0">
  <testcase name="feature" time="51.601" classname="com.db.Runner.TestRunner"/>
</testsuite> <!-- com.db.Runner.TestRunner -->
